A D/abcon////
A D/alpha////
A D/alphamt////
A D/alphax////
A D/bani////
A D/dec3000////
A D/dec3000mt////
A D/dec3000mtf////
A D/dec3000x////
A D/dos////
A D/hp700////
A D/hp700mt////
A D/hp700mtf////
A D/hp700x////
A D/hp700xf////
A D/hp9000s700////
A D/hp9000s700mt////
A D/hp9000s700x////
A D/hp9000s700xf////
A D/i386////
A D/i386freebsd////
A D/i386freebsdX////
A D/i386freebsdmt////
A D/i386freebsdmtf////
A D/i386freebsdx////
A D/i386freebsdxf////
A D/i386freebsdxt////
A D/i386linux////
A D/i386linuxmt////
A D/i386linuxmtf////
A D/i386linuxx////
A D/i386linuxxf////
A D/i386mt////
A D/i386mtf////
A D/i386netbsd////
A D/i386netbsdmt////
A D/i386netbsdx////
A D/i386x////
A D/i586////
A D/i586x////
A D/i586xf////
A D/i686////
A D/i686mt////
A D/i686x////
A D/i686xf////
A D/i86pc////
A D/i86pcmt////
A D/i86pcmtf////
A D/i86pcx////
A D/i86pcxf////
A D/ibm////
A D/ibmmt////
A D/ibmmtf////
A D/ibmt////
A D/ibmx////
A D/ibmxf////
A D/next////
A D/nextmt////
A D/nextmtf////
A D/nextx////
A D/sgi////
A D/sgimt////
A D/sgimtf////
A D/sgix////
A D/sun4////
A D/sun4mt////
A D/sun4mtf////
A D/sun4sol////
A D/sun4solmt////
A D/sun4solmtf////
A D/sun4solx////
A D/sun4solxf////
A D/sun4x////
A D/sun4xf////
